0 info it worked if it ends with ok
1 verbose cli [ 'node', '/usr/local/bin/npm', 'install' ]
2 info using npm@1.4.28
3 info using node@v0.10.36
4 warn package.json @ No description
5 warn package.json @ No repository field.
6 warn package.json @ No README data
7 verbose readDependencies using package.json deps
8 verbose install where, deps [ '/Users/maxwellantonucci/Desktop/BP Files/Bower_Boilerplate',
8 verbose install   [ 'gulp',
8 verbose install     'gulp-autoprefixer',
8 verbose install     'gulp-bower',
8 verbose install     'gulp-concat',
8 verbose install     'gulp-imagemin',
8 verbose install     'gulp-jade',
8 verbose install     'gulp-livereload',
8 verbose install     'gulp-minify-css',
8 verbose install     'gulp-notify',
8 verbose install     'gulp-plumber',
8 verbose install     'gulp-rename',
8 verbose install     'gulp-sass',
8 verbose install     'gulp-sourcemaps',
8 verbose install     'gulp-uglify',
8 verbose install     'sassdoc' ] ]
9 info preinstall @
10 verbose readDependencies using package.json deps
11 verbose cache add [ 'gulp@^3.9.0', null ]
12 verbose cache add name=undefined spec="gulp@^3.9.0" args=["gulp@^3.9.0",null]
13 verbose parsed url { protocol: null,
13 verbose parsed url   slashes: null,
13 verbose parsed url   auth: null,
13 verbose parsed url   host: null,
13 verbose parsed url   port: null,
13 verbose parsed url   hostname: null,
13 verbose parsed url   hash: null,
13 verbose parsed url   search: null,
13 verbose parsed url   query: null,
13 verbose parsed url   pathname: 'gulp@^3.9.0',
13 verbose parsed url   path: 'gulp@^3.9.0',
13 verbose parsed url   href: 'gulp@^3.9.0' }
14 verbose cache add [ 'gulp-autoprefixer@^2.3.1', null ]
15 verbose cache add name=undefined spec="gulp-autoprefixer@^2.3.1" args=["gulp-autoprefixer@^2.3.1",null]
16 verbose parsed url { protocol: null,
16 verbose parsed url   slashes: null,
16 verbose parsed url   auth: null,
16 verbose parsed url   host: null,
16 verbose parsed url   port: null,
16 verbose parsed url   hostname: null,
16 verbose parsed url   hash: null,
16 verbose parsed url   search: null,
16 verbose parsed url   query: null,
16 verbose parsed url   pathname: 'gulp-autoprefixer@^2.3.1',
16 verbose parsed url   path: 'gulp-autoprefixer@^2.3.1',
16 verbose parsed url   href: 'gulp-autoprefixer@^2.3.1' }
17 verbose cache add [ 'gulp-bower@0.0.10', null ]
18 verbose cache add name=undefined spec="gulp-bower@0.0.10" args=["gulp-bower@0.0.10",null]
19 verbose parsed url { protocol: null,
19 verbose parsed url   slashes: null,
19 verbose parsed url   auth: null,
19 verbose parsed url   host: null,
19 verbose parsed url   port: null,
19 verbose parsed url   hostname: null,
19 verbose parsed url   hash: null,
19 verbose parsed url   search: null,
19 verbose parsed url   query: null,
19 verbose parsed url   pathname: 'gulp-bower@0.0.10',
19 verbose parsed url   path: 'gulp-bower@0.0.10',
19 verbose parsed url   href: 'gulp-bower@0.0.10' }
20 verbose cache add [ 'gulp-concat@^2.5.2', null ]
21 verbose cache add name=undefined spec="gulp-concat@^2.5.2" args=["gulp-concat@^2.5.2",null]
22 verbose parsed url { protocol: null,
22 verbose parsed url   slashes: null,
22 verbose parsed url   auth: null,
22 verbose parsed url   host: null,
22 verbose parsed url   port: null,
22 verbose parsed url   hostname: null,
22 verbose parsed url   hash: null,
22 verbose parsed url   search: null,
22 verbose parsed url   query: null,
22 verbose parsed url   pathname: 'gulp-concat@^2.5.2',
22 verbose parsed url   path: 'gulp-concat@^2.5.2',
22 verbose parsed url   href: 'gulp-concat@^2.5.2' }
23 verbose cache add [ 'gulp-imagemin@^2.2.1', null ]
24 verbose cache add name=undefined spec="gulp-imagemin@^2.2.1" args=["gulp-imagemin@^2.2.1",null]
25 verbose parsed url { protocol: null,
25 verbose parsed url   slashes: null,
25 verbose parsed url   auth: null,
25 verbose parsed url   host: null,
25 verbose parsed url   port: null,
25 verbose parsed url   hostname: null,
25 verbose parsed url   hash: null,
25 verbose parsed url   search: null,
25 verbose parsed url   query: null,
25 verbose parsed url   pathname: 'gulp-imagemin@^2.2.1',
25 verbose parsed url   path: 'gulp-imagemin@^2.2.1',
25 verbose parsed url   href: 'gulp-imagemin@^2.2.1' }
26 verbose cache add name="gulp" spec="^3.9.0" args=["gulp","^3.9.0"]
27 verbose parsed url { protocol: null,
27 verbose parsed url   slashes: null,
27 verbose parsed url   auth: null,
27 verbose parsed url   host: null,
27 verbose parsed url   port: null,
27 verbose parsed url   hostname: null,
27 verbose parsed url   hash: null,
27 verbose parsed url   search: null,
27 verbose parsed url   query: null,
27 verbose parsed url   pathname: '^3.9.0',
27 verbose parsed url   path: '^3.9.0',
27 verbose parsed url   href: '^3.9.0' }
28 verbose addNamed [ 'gulp', '^3.9.0' ]
29 verbose addNamed [ null, '>=3.9.0-0 <4.0.0-0' ]
30 verbose cache add name="gulp-autoprefixer" spec="^2.3.1" args=["gulp-autoprefixer","^2.3.1"]
31 verbose parsed url { protocol: null,
31 verbose parsed url   slashes: null,
31 verbose parsed url   auth: null,
31 verbose parsed url   host: null,
31 verbose parsed url   port: null,
31 verbose parsed url   hostname: null,
31 verbose parsed url   hash: null,
31 verbose parsed url   search: null,
31 verbose parsed url   query: null,
31 verbose parsed url   pathname: '^2.3.1',
31 verbose parsed url   path: '^2.3.1',
31 verbose parsed url   href: '^2.3.1' }
32 verbose addNamed [ 'gulp-autoprefixer', '^2.3.1' ]
33 verbose addNamed [ null, '>=2.3.1-0 <3.0.0-0' ]
34 verbose cache add name="gulp-bower" spec="0.0.10" args=["gulp-bower","0.0.10"]
35 verbose parsed url { protocol: null,
35 verbose parsed url   slashes: null,
35 verbose parsed url   auth: null,
35 verbose parsed url   host: null,
35 verbose parsed url   port: null,
35 verbose parsed url   hostname: null,
35 verbose parsed url   hash: null,
35 verbose parsed url   search: null,
35 verbose parsed url   query: null,
35 verbose parsed url   pathname: '0.0.10',
35 verbose parsed url   path: '0.0.10',
35 verbose parsed url   href: '0.0.10' }
36 verbose addNamed [ 'gulp-bower', '0.0.10' ]
37 verbose addNamed [ '0.0.10', '0.0.10' ]
38 verbose cache add name="gulp-concat" spec="^2.5.2" args=["gulp-concat","^2.5.2"]
39 verbose parsed url { protocol: null,
39 verbose parsed url   slashes: null,
39 verbose parsed url   auth: null,
39 verbose parsed url   host: null,
39 verbose parsed url   port: null,
39 verbose parsed url   hostname: null,
39 verbose parsed url   hash: null,
39 verbose parsed url   search: null,
39 verbose parsed url   query: null,
39 verbose parsed url   pathname: '^2.5.2',
39 verbose parsed url   path: '^2.5.2',
39 verbose parsed url   href: '^2.5.2' }
40 verbose addNamed [ 'gulp-concat', '^2.5.2' ]
41 verbose addNamed [ null, '>=2.5.2-0 <3.0.0-0' ]
42 verbose cache add [ 'gulp-jade@^1.0.1', null ]
43 verbose cache add name=undefined spec="gulp-jade@^1.0.1" args=["gulp-jade@^1.0.1",null]
44 verbose parsed url { protocol: null,
44 verbose parsed url   slashes: null,
44 verbose parsed url   auth: null,
44 verbose parsed url   host: null,
44 verbose parsed url   port: null,
44 verbose parsed url   hostname: null,
44 verbose parsed url   hash: null,
44 verbose parsed url   search: null,
44 verbose parsed url   query: null,
44 verbose parsed url   pathname: 'gulp-jade@^1.0.1',
44 verbose parsed url   path: 'gulp-jade@^1.0.1',
44 verbose parsed url   href: 'gulp-jade@^1.0.1' }
45 verbose cache add [ 'gulp-livereload@^3.8.0', null ]
46 verbose cache add name=undefined spec="gulp-livereload@^3.8.0" args=["gulp-livereload@^3.8.0",null]
47 verbose parsed url { protocol: null,
47 verbose parsed url   slashes: null,
47 verbose parsed url   auth: null,
47 verbose parsed url   host: null,
47 verbose parsed url   port: null,
47 verbose parsed url   hostname: null,
47 verbose parsed url   hash: null,
47 verbose parsed url   search: null,
47 verbose parsed url   query: null,
47 verbose parsed url   pathname: 'gulp-livereload@^3.8.0',
47 verbose parsed url   path: 'gulp-livereload@^3.8.0',
47 verbose parsed url   href: 'gulp-livereload@^3.8.0' }
48 verbose cache add [ 'gulp-minify-css@^1.1.6', null ]
49 verbose cache add name=undefined spec="gulp-minify-css@^1.1.6" args=["gulp-minify-css@^1.1.6",null]
50 verbose parsed url { protocol: null,
50 verbose parsed url   slashes: null,
50 verbose parsed url   auth: null,
50 verbose parsed url   host: null,
50 verbose parsed url   port: null,
50 verbose parsed url   hostname: null,
50 verbose parsed url   hash: null,
50 verbose parsed url   search: null,
50 verbose parsed url   query: null,
50 verbose parsed url   pathname: 'gulp-minify-css@^1.1.6',
50 verbose parsed url   path: 'gulp-minify-css@^1.1.6',
50 verbose parsed url   href: 'gulp-minify-css@^1.1.6' }
51 verbose cache add name="gulp-imagemin" spec="^2.2.1" args=["gulp-imagemin","^2.2.1"]
52 verbose parsed url { protocol: null,
52 verbose parsed url   slashes: null,
52 verbose parsed url   auth: null,
52 verbose parsed url   host: null,
52 verbose parsed url   port: null,
52 verbose parsed url   hostname: null,
52 verbose parsed url   hash: null,
52 verbose parsed url   search: null,
52 verbose parsed url   query: null,
52 verbose parsed url   pathname: '^2.2.1',
52 verbose parsed url   path: '^2.2.1',
52 verbose parsed url   href: '^2.2.1' }
53 verbose addNamed [ 'gulp-imagemin', '^2.2.1' ]
54 verbose addNamed [ null, '>=2.2.1-0 <3.0.0-0' ]
55 silly lockFile a7ccee77-gulp-3-9-0 gulp@^3.9.0
56 verbose lock gulp@^3.9.0 /Users/maxwellantonucci/.npm/a7ccee77-gulp-3-9-0.lock
57 silly lockFile 75c62153-gulp-autoprefixer-2-3-1 gulp-autoprefixer@^2.3.1
58 verbose lock gulp-autoprefixer@^2.3.1 /Users/maxwellantonucci/.npm/75c62153-gulp-autoprefixer-2-3-1.lock
59 silly lockFile 59867615-gulp-bower-0-0-10 gulp-bower@0.0.10
60 verbose lock gulp-bower@0.0.10 /Users/maxwellantonucci/.npm/59867615-gulp-bower-0-0-10.lock
61 silly lockFile 60a235d6-gulp-concat-2-5-2 gulp-concat@^2.5.2
62 verbose lock gulp-concat@^2.5.2 /Users/maxwellantonucci/.npm/60a235d6-gulp-concat-2-5-2.lock
63 silly lockFile 8a3f9a2f-gulp-imagemin-2-2-1 gulp-imagemin@^2.2.1
64 verbose lock gulp-imagemin@^2.2.1 /Users/maxwellantonucci/.npm/8a3f9a2f-gulp-imagemin-2-2-1.lock
65 verbose cache add name="gulp-jade" spec="^1.0.1" args=["gulp-jade","^1.0.1"]
66 verbose parsed url { protocol: null,
66 verbose parsed url   slashes: null,
66 verbose parsed url   auth: null,
66 verbose parsed url   host: null,
66 verbose parsed url   port: null,
66 verbose parsed url   hostname: null,
66 verbose parsed url   hash: null,
66 verbose parsed url   search: null,
66 verbose parsed url   query: null,
66 verbose parsed url   pathname: '^1.0.1',
66 verbose parsed url   path: '^1.0.1',
66 verbose parsed url   href: '^1.0.1' }
67 verbose addNamed [ 'gulp-jade', '^1.0.1' ]
68 verbose addNamed [ null, '>=1.0.1-0 <2.0.0-0' ]
69 silly lockFile c7a50214-gulp-jade-1-0-1 gulp-jade@^1.0.1
70 verbose lock gulp-jade@^1.0.1 /Users/maxwellantonucci/.npm/c7a50214-gulp-jade-1-0-1.lock
71 verbose cache add name="gulp-livereload" spec="^3.8.0" args=["gulp-livereload","^3.8.0"]
72 verbose parsed url { protocol: null,
72 verbose parsed url   slashes: null,
72 verbose parsed url   auth: null,
72 verbose parsed url   host: null,
72 verbose parsed url   port: null,
72 verbose parsed url   hostname: null,
72 verbose parsed url   hash: null,
72 verbose parsed url   search: null,
72 verbose parsed url   query: null,
72 verbose parsed url   pathname: '^3.8.0',
72 verbose parsed url   path: '^3.8.0',
72 verbose parsed url   href: '^3.8.0' }
73 verbose addNamed [ 'gulp-livereload', '^3.8.0' ]
74 verbose addNamed [ null, '>=3.8.0-0 <4.0.0-0' ]
75 silly lockFile c02c4cde-gulp-livereload-3-8-0 gulp-livereload@^3.8.0
76 verbose lock gulp-livereload@^3.8.0 /Users/maxwellantonucci/.npm/c02c4cde-gulp-livereload-3-8-0.lock
77 verbose cache add [ 'gulp-notify@^2.2.0', null ]
78 verbose cache add name=undefined spec="gulp-notify@^2.2.0" args=["gulp-notify@^2.2.0",null]
79 verbose parsed url { protocol: null,
79 verbose parsed url   slashes: null,
79 verbose parsed url   auth: null,
79 verbose parsed url   host: null,
79 verbose parsed url   port: null,
79 verbose parsed url   hostname: null,
79 verbose parsed url   hash: null,
79 verbose parsed url   search: null,
79 verbose parsed url   query: null,
79 verbose parsed url   pathname: 'gulp-notify@^2.2.0',
79 verbose parsed url   path: 'gulp-notify@^2.2.0',
79 verbose parsed url   href: 'gulp-notify@^2.2.0' }
80 verbose cache add [ 'gulp-plumber@^1.0.1', null ]
81 verbose cache add name=undefined spec="gulp-plumber@^1.0.1" args=["gulp-plumber@^1.0.1",null]
82 verbose parsed url { protocol: null,
82 verbose parsed url   slashes: null,
82 verbose parsed url   auth: null,
82 verbose parsed url   host: null,
82 verbose parsed url   port: null,
82 verbose parsed url   hostname: null,
82 verbose parsed url   hash: null,
82 verbose parsed url   search: null,
82 verbose parsed url   query: null,
82 verbose parsed url   pathname: 'gulp-plumber@^1.0.1',
82 verbose parsed url   path: 'gulp-plumber@^1.0.1',
82 verbose parsed url   href: 'gulp-plumber@^1.0.1' }
83 verbose cache add [ 'gulp-rename@^1.2.2', null ]
84 verbose cache add name=undefined spec="gulp-rename@^1.2.2" args=["gulp-rename@^1.2.2",null]
85 verbose parsed url { protocol: null,
85 verbose parsed url   slashes: null,
85 verbose parsed url   auth: null,
85 verbose parsed url   host: null,
85 verbose parsed url   port: null,
85 verbose parsed url   hostname: null,
85 verbose parsed url   hash: null,
85 verbose parsed url   search: null,
85 verbose parsed url   query: null,
85 verbose parsed url   pathname: 'gulp-rename@^1.2.2',
85 verbose parsed url   path: 'gulp-rename@^1.2.2',
85 verbose parsed url   href: 'gulp-rename@^1.2.2' }
86 verbose cache add name="gulp-minify-css" spec="^1.1.6" args=["gulp-minify-css","^1.1.6"]
87 verbose parsed url { protocol: null,
87 verbose parsed url   slashes: null,
87 verbose parsed url   auth: null,
87 verbose parsed url   host: null,
87 verbose parsed url   port: null,
87 verbose parsed url   hostname: null,
87 verbose parsed url   hash: null,
87 verbose parsed url   search: null,
87 verbose parsed url   query: null,
87 verbose parsed url   pathname: '^1.1.6',
87 verbose parsed url   path: '^1.1.6',
87 verbose parsed url   href: '^1.1.6' }
88 verbose addNamed [ 'gulp-minify-css', '^1.1.6' ]
89 verbose addNamed [ null, '>=1.1.6-0 <2.0.0-0' ]
90 silly lockFile b5c08188-gulp-minify-css-1-1-6 gulp-minify-css@^1.1.6
91 verbose lock gulp-minify-css@^1.1.6 /Users/maxwellantonucci/.npm/b5c08188-gulp-minify-css-1-1-6.lock
92 verbose cache add name="gulp-notify" spec="^2.2.0" args=["gulp-notify","^2.2.0"]
93 verbose parsed url { protocol: null,
93 verbose parsed url   slashes: null,
93 verbose parsed url   auth: null,
93 verbose parsed url   host: null,
93 verbose parsed url   port: null,
93 verbose parsed url   hostname: null,
93 verbose parsed url   hash: null,
93 verbose parsed url   search: null,
93 verbose parsed url   query: null,
93 verbose parsed url   pathname: '^2.2.0',
93 verbose parsed url   path: '^2.2.0',
93 verbose parsed url   href: '^2.2.0' }
94 verbose addNamed [ 'gulp-notify', '^2.2.0' ]
95 verbose addNamed [ null, '>=2.2.0-0 <3.0.0-0' ]
96 silly lockFile a8c5b448-gulp-notify-2-2-0 gulp-notify@^2.2.0
97 verbose lock gulp-notify@^2.2.0 /Users/maxwellantonucci/.npm/a8c5b448-gulp-notify-2-2-0.lock
98 verbose cache add name="gulp-plumber" spec="^1.0.1" args=["gulp-plumber","^1.0.1"]
99 verbose parsed url { protocol: null,
99 verbose parsed url   slashes: null,
99 verbose parsed url   auth: null,
99 verbose parsed url   host: null,
99 verbose parsed url   port: null,
99 verbose parsed url   hostname: null,
99 verbose parsed url   hash: null,
99 verbose parsed url   search: null,
99 verbose parsed url   query: null,
99 verbose parsed url   pathname: '^1.0.1',
99 verbose parsed url   path: '^1.0.1',
99 verbose parsed url   href: '^1.0.1' }
100 verbose addNamed [ 'gulp-plumber', '^1.0.1' ]
101 verbose addNamed [ null, '>=1.0.1-0 <2.0.0-0' ]
102 silly lockFile b676d428-gulp-plumber-1-0-1 gulp-plumber@^1.0.1
103 verbose lock gulp-plumber@^1.0.1 /Users/maxwellantonucci/.npm/b676d428-gulp-plumber-1-0-1.lock
104 verbose cache add [ 'gulp-sass@^2.0.1', null ]
105 verbose cache add name=undefined spec="gulp-sass@^2.0.1" args=["gulp-sass@^2.0.1",null]
106 verbose parsed url { protocol: null,
106 verbose parsed url   slashes: null,
106 verbose parsed url   auth: null,
106 verbose parsed url   host: null,
106 verbose parsed url   port: null,
106 verbose parsed url   hostname: null,
106 verbose parsed url   hash: null,
106 verbose parsed url   search: null,
106 verbose parsed url   query: null,
106 verbose parsed url   pathname: 'gulp-sass@^2.0.1',
106 verbose parsed url   path: 'gulp-sass@^2.0.1',
106 verbose parsed url   href: 'gulp-sass@^2.0.1' }
107 verbose cache add [ 'gulp-sourcemaps@^1.5.2', null ]
108 verbose cache add name=undefined spec="gulp-sourcemaps@^1.5.2" args=["gulp-sourcemaps@^1.5.2",null]
109 verbose parsed url { protocol: null,
109 verbose parsed url   slashes: null,
109 verbose parsed url   auth: null,
109 verbose parsed url   host: null,
109 verbose parsed url   port: null,
109 verbose parsed url   hostname: null,
109 verbose parsed url   hash: null,
109 verbose parsed url   search: null,
109 verbose parsed url   query: null,
109 verbose parsed url   pathname: 'gulp-sourcemaps@^1.5.2',
109 verbose parsed url   path: 'gulp-sourcemaps@^1.5.2',
109 verbose parsed url   href: 'gulp-sourcemaps@^1.5.2' }
110 verbose cache add [ 'gulp-uglify@^1.2.0', null ]
111 verbose cache add name=undefined spec="gulp-uglify@^1.2.0" args=["gulp-uglify@^1.2.0",null]
112 verbose parsed url { protocol: null,
112 verbose parsed url   slashes: null,
112 verbose parsed url   auth: null,
112 verbose parsed url   host: null,
112 verbose parsed url   port: null,
112 verbose parsed url   hostname: null,
112 verbose parsed url   hash: null,
112 verbose parsed url   search: null,
112 verbose parsed url   query: null,
112 verbose parsed url   pathname: 'gulp-uglify@^1.2.0',
112 verbose parsed url   path: 'gulp-uglify@^1.2.0',
112 verbose parsed url   href: 'gulp-uglify@^1.2.0' }
113 verbose cache add [ 'sassdoc@^2.1.15', null ]
114 verbose cache add name=undefined spec="sassdoc@^2.1.15" args=["sassdoc@^2.1.15",null]
115 verbose parsed url { protocol: null,
115 verbose parsed url   slashes: null,
115 verbose parsed url   auth: null,
115 verbose parsed url   host: null,
115 verbose parsed url   port: null,
115 verbose parsed url   hostname: null,
115 verbose parsed url   hash: null,
115 verbose parsed url   search: null,
115 verbose parsed url   query: null,
115 verbose parsed url   pathname: 'sassdoc@^2.1.15',
115 verbose parsed url   path: 'sassdoc@^2.1.15',
115 verbose parsed url   href: 'sassdoc@^2.1.15' }
116 verbose cache add name="gulp-rename" spec="^1.2.2" args=["gulp-rename","^1.2.2"]
117 verbose parsed url { protocol: null,
117 verbose parsed url   slashes: null,
117 verbose parsed url   auth: null,
117 verbose parsed url   host: null,
117 verbose parsed url   port: null,
117 verbose parsed url   hostname: null,
117 verbose parsed url   hash: null,
117 verbose parsed url   search: null,
117 verbose parsed url   query: null,
117 verbose parsed url   pathname: '^1.2.2',
117 verbose parsed url   path: '^1.2.2',
117 verbose parsed url   href: '^1.2.2' }
118 verbose addNamed [ 'gulp-rename', '^1.2.2' ]
119 verbose addNamed [ null, '>=1.2.2-0 <2.0.0-0' ]
120 silly lockFile 1035ba1c-gulp-rename-1-2-2 gulp-rename@^1.2.2
121 verbose lock gulp-rename@^1.2.2 /Users/maxwellantonucci/.npm/1035ba1c-gulp-rename-1-2-2.lock
122 silly addNameRange { name: 'gulp', range: '>=3.9.0-0 <4.0.0-0', hasData: false }
123 silly addNameRange { name: 'gulp-autoprefixer',
123 silly addNameRange   range: '>=2.3.1-0 <3.0.0-0',
123 silly addNameRange   hasData: false }
124 silly addNameRange { name: 'gulp-concat',
124 silly addNameRange   range: '>=2.5.2-0 <3.0.0-0',
124 silly addNameRange   hasData: false }
125 silly addNameRange { name: 'gulp-imagemin',
125 silly addNameRange   range: '>=2.2.1-0 <3.0.0-0',
125 silly addNameRange   hasData: false }
126 silly addNameRange { name: 'gulp-jade',
126 silly addNameRange   range: '>=1.0.1-0 <2.0.0-0',
126 silly addNameRange   hasData: false }
127 silly addNameRange { name: 'gulp-livereload',
127 silly addNameRange   range: '>=3.8.0-0 <4.0.0-0',
127 silly addNameRange   hasData: false }
128 verbose cache add name="gulp-sass" spec="^2.0.1" args=["gulp-sass","^2.0.1"]
129 verbose parsed url { protocol: null,
129 verbose parsed url   slashes: null,
129 verbose parsed url   auth: null,
129 verbose parsed url   host: null,
129 verbose parsed url   port: null,
129 verbose parsed url   hostname: null,
129 verbose parsed url   hash: null,
129 verbose parsed url   search: null,
129 verbose parsed url   query: null,
129 verbose parsed url   pathname: '^2.0.1',
129 verbose parsed url   path: '^2.0.1',
129 verbose parsed url   href: '^2.0.1' }
130 verbose addNamed [ 'gulp-sass', '^2.0.1' ]
131 verbose addNamed [ null, '>=2.0.1-0 <3.0.0-0' ]
132 silly lockFile fca228e3-gulp-sass-2-0-1 gulp-sass@^2.0.1
133 verbose lock gulp-sass@^2.0.1 /Users/maxwellantonucci/.npm/fca228e3-gulp-sass-2-0-1.lock
134 verbose cache add name="gulp-sourcemaps" spec="^1.5.2" args=["gulp-sourcemaps","^1.5.2"]
135 verbose parsed url { protocol: null,
135 verbose parsed url   slashes: null,
135 verbose parsed url   auth: null,
135 verbose parsed url   host: null,
135 verbose parsed url   port: null,
135 verbose parsed url   hostname: null,
135 verbose parsed url   hash: null,
135 verbose parsed url   search: null,
135 verbose parsed url   query: null,
135 verbose parsed url   pathname: '^1.5.2',
135 verbose parsed url   path: '^1.5.2',
135 verbose parsed url   href: '^1.5.2' }
136 verbose addNamed [ 'gulp-sourcemaps', '^1.5.2' ]
137 verbose addNamed [ null, '>=1.5.2-0 <2.0.0-0' ]
138 silly lockFile 469070bd-gulp-sourcemaps-1-5-2 gulp-sourcemaps@^1.5.2
139 verbose lock gulp-sourcemaps@^1.5.2 /Users/maxwellantonucci/.npm/469070bd-gulp-sourcemaps-1-5-2.lock
140 verbose cache add name="gulp-uglify" spec="^1.2.0" args=["gulp-uglify","^1.2.0"]
141 verbose parsed url { protocol: null,
141 verbose parsed url   slashes: null,
141 verbose parsed url   auth: null,
141 verbose parsed url   host: null,
141 verbose parsed url   port: null,
141 verbose parsed url   hostname: null,
141 verbose parsed url   hash: null,
141 verbose parsed url   search: null,
141 verbose parsed url   query: null,
141 verbose parsed url   pathname: '^1.2.0',
141 verbose parsed url   path: '^1.2.0',
141 verbose parsed url   href: '^1.2.0' }
142 verbose addNamed [ 'gulp-uglify', '^1.2.0' ]
143 verbose addNamed [ null, '>=1.2.0-0 <2.0.0-0' ]
144 silly lockFile c20ad875-gulp-uglify-1-2-0 gulp-uglify@^1.2.0
145 verbose lock gulp-uglify@^1.2.0 /Users/maxwellantonucci/.npm/c20ad875-gulp-uglify-1-2-0.lock
146 verbose cache add name="sassdoc" spec="^2.1.15" args=["sassdoc","^2.1.15"]
147 verbose parsed url { protocol: null,
147 verbose parsed url   slashes: null,
147 verbose parsed url   auth: null,
147 verbose parsed url   host: null,
147 verbose parsed url   port: null,
147 verbose parsed url   hostname: null,
147 verbose parsed url   hash: null,
147 verbose parsed url   search: null,
147 verbose parsed url   query: null,
147 verbose parsed url   pathname: '^2.1.15',
147 verbose parsed url   path: '^2.1.15',
147 verbose parsed url   href: '^2.1.15' }
148 verbose addNamed [ 'sassdoc', '^2.1.15' ]
149 verbose addNamed [ null, '>=2.1.15-0 <3.0.0-0' ]
150 silly lockFile 9e9db368-sassdoc-2-1-15 sassdoc@^2.1.15
151 verbose lock sassdoc@^2.1.15 /Users/maxwellantonucci/.npm/9e9db368-sassdoc-2-1-15.lock
152 silly addNameRange { name: 'gulp-minify-css',
152 silly addNameRange   range: '>=1.1.6-0 <2.0.0-0',
152 silly addNameRange   hasData: false }
153 silly addNameRange { name: 'gulp-notify',
153 silly addNameRange   range: '>=2.2.0-0 <3.0.0-0',
153 silly addNameRange   hasData: false }
154 silly addNameRange { name: 'gulp-plumber',
154 silly addNameRange   range: '>=1.0.1-0 <2.0.0-0',
154 silly addNameRange   hasData: false }
155 silly addNameRange { name: 'gulp-rename',
155 silly addNameRange   range: '>=1.2.2-0 <2.0.0-0',
155 silly addNameRange   hasData: false }
156 silly addNameRange { name: 'gulp-sass',
156 silly addNameRange   range: '>=2.0.1-0 <3.0.0-0',
156 silly addNameRange   hasData: false }
157 silly addNameRange { name: 'gulp-sourcemaps',
157 silly addNameRange   range: '>=1.5.2-0 <2.0.0-0',
157 silly addNameRange   hasData: false }
158 silly addNameRange { name: 'gulp-uglify',
158 silly addNameRange   range: '>=1.2.0-0 <2.0.0-0',
158 silly addNameRange   hasData: false }
159 silly addNameRange { name: 'sassdoc', range: '>=2.1.15-0 <3.0.0-0', hasData: false }
160 verbose request where is /gulp-bower
161 verbose request registry https://registry.npmjs.org/
162 verbose request id ba8feb499aed3cea
163 verbose url raw /gulp-bower
164 verbose url resolving [ 'https://registry.npmjs.org/', './gulp-bower' ]
165 verbose url resolved https://registry.npmjs.org/gulp-bower
166 verbose request where is https://registry.npmjs.org/gulp-bower
167 info trying registry request attempt 1 at 20:49:43
168 verbose etag "AYD69ZS2J944Z7CI7CYVYOY4N"
169 http GET https://registry.npmjs.org/gulp-bower
170 verbose request where is /gulp-autoprefixer
171 verbose request registry https://registry.npmjs.org/
172 verbose url raw /gulp-autoprefixer
173 verbose url resolving [ 'https://registry.npmjs.org/', './gulp-autoprefixer' ]
174 verbose url resolved https://registry.npmjs.org/gulp-autoprefixer
175 verbose request where is https://registry.npmjs.org/gulp-autoprefixer
176 info trying registry request attempt 1 at 20:49:43
177 verbose etag "5ZGYF5XMQDK9AH68LEF7HUD1F"
178 http GET https://registry.npmjs.org/gulp-autoprefixer
179 verbose request where is /gulp-concat
180 verbose request registry https://registry.npmjs.org/
181 verbose url raw /gulp-concat
182 verbose url resolving [ 'https://registry.npmjs.org/', './gulp-concat' ]
183 verbose url resolved https://registry.npmjs.org/gulp-concat
184 verbose request where is https://registry.npmjs.org/gulp-concat
185 info trying registry request attempt 1 at 20:49:43
186 verbose etag "3N2VB3VDM99BRPLSN0BB3JLU8"
187 http GET https://registry.npmjs.org/gulp-concat
188 verbose request where is /gulp-imagemin
189 verbose request registry https://registry.npmjs.org/
190 verbose url raw /gulp-imagemin
191 verbose url resolving [ 'https://registry.npmjs.org/', './gulp-imagemin' ]
192 verbose url resolved https://registry.npmjs.org/gulp-imagemin
193 verbose request where is https://registry.npmjs.org/gulp-imagemin
194 info trying registry request attempt 1 at 20:49:43
195 verbose etag "KVH7CFX311OQIGKAOQ0O5YKO"
196 http GET https://registry.npmjs.org/gulp-imagemin
197 verbose request where is /gulp
198 verbose request registry https://registry.npmjs.org/
199 verbose url raw /gulp
200 verbose url resolving [ 'https://registry.npmjs.org/', './gulp' ]
201 verbose url resolved https://registry.npmjs.org/gulp
202 verbose request where is https://registry.npmjs.org/gulp
203 info trying registry request attempt 1 at 20:49:43
204 verbose etag "6CJ39OTOYNPVC0ZY9TIQMPMT1"
205 http GET https://registry.npmjs.org/gulp
206 verbose request where is /gulp-livereload
207 verbose request registry https://registry.npmjs.org/
208 verbose url raw /gulp-livereload
209 verbose url resolving [ 'https://registry.npmjs.org/', './gulp-livereload' ]
210 verbose url resolved https://registry.npmjs.org/gulp-livereload
211 verbose request where is https://registry.npmjs.org/gulp-livereload
212 info trying registry request attempt 1 at 20:49:43
213 verbose etag "2YZE246INJW41PY1Q32YYPC9A"
214 http GET https://registry.npmjs.org/gulp-livereload
215 verbose request where is /gulp-jade
216 verbose request registry https://registry.npmjs.org/
217 verbose url raw /gulp-jade
218 verbose url resolving [ 'https://registry.npmjs.org/', './gulp-jade' ]
219 verbose url resolved https://registry.npmjs.org/gulp-jade
220 verbose request where is https://registry.npmjs.org/gulp-jade
221 info trying registry request attempt 1 at 20:49:43
222 verbose etag "AEBHBGPEKNIRVUIIW4F7BD447"
223 http GET https://registry.npmjs.org/gulp-jade
224 verbose request where is /gulp-notify
225 verbose request registry https://registry.npmjs.org/
226 verbose url raw /gulp-notify
227 verbose url resolving [ 'https://registry.npmjs.org/', './gulp-notify' ]
228 verbose url resolved https://registry.npmjs.org/gulp-notify
229 verbose request where is https://registry.npmjs.org/gulp-notify
230 info trying registry request attempt 1 at 20:49:43
231 verbose etag "7DT8POU259JBUY8JFX74WB003"
232 http GET https://registry.npmjs.org/gulp-notify
233 verbose request where is /gulp-plumber
234 verbose request registry https://registry.npmjs.org/
235 verbose url raw /gulp-plumber
236 verbose url resolving [ 'https://registry.npmjs.org/', './gulp-plumber' ]
237 verbose url resolved https://registry.npmjs.org/gulp-plumber
238 verbose request where is https://registry.npmjs.org/gulp-plumber
239 info trying registry request attempt 1 at 20:49:43
240 verbose etag "3RCVW92TCE51EI11ODOA9XTB3"
241 http GET https://registry.npmjs.org/gulp-plumber
242 verbose request where is /gulp-minify-css
243 verbose request registry https://registry.npmjs.org/
244 verbose url raw /gulp-minify-css
245 verbose url resolving [ 'https://registry.npmjs.org/', './gulp-minify-css' ]
246 verbose url resolved https://registry.npmjs.org/gulp-minify-css
247 verbose request where is https://registry.npmjs.org/gulp-minify-css
248 info trying registry request attempt 1 at 20:49:43
249 verbose etag "6OCD8YYITMDSLKACWYYSY608C"
250 http GET https://registry.npmjs.org/gulp-minify-css
251 verbose request where is /gulp-rename
252 verbose request registry https://registry.npmjs.org/
253 verbose url raw /gulp-rename
254 verbose url resolving [ 'https://registry.npmjs.org/', './gulp-rename' ]
255 verbose url resolved https://registry.npmjs.org/gulp-rename
256 verbose request where is https://registry.npmjs.org/gulp-rename
257 info trying registry request attempt 1 at 20:49:43
258 verbose etag "56XQ3DSYR19AG95GVZQ4KIUNU"
259 http GET https://registry.npmjs.org/gulp-rename
260 verbose request where is /gulp-sourcemaps
261 verbose request registry https://registry.npmjs.org/
262 verbose url raw /gulp-sourcemaps
263 verbose url resolving [ 'https://registry.npmjs.org/', './gulp-sourcemaps' ]
264 verbose url resolved https://registry.npmjs.org/gulp-sourcemaps
265 verbose request where is https://registry.npmjs.org/gulp-sourcemaps
266 info trying registry request attempt 1 at 20:49:43
267 verbose etag "77A7DWAUR0MFQ6ZU7GQ7B366V"
268 http GET https://registry.npmjs.org/gulp-sourcemaps
269 verbose request where is /gulp-uglify
270 verbose request registry https://registry.npmjs.org/
271 verbose url raw /gulp-uglify
272 verbose url resolving [ 'https://registry.npmjs.org/', './gulp-uglify' ]
273 verbose url resolved https://registry.npmjs.org/gulp-uglify
274 verbose request where is https://registry.npmjs.org/gulp-uglify
275 info trying registry request attempt 1 at 20:49:43
276 verbose etag "1EA103Q45H3KHOVPIYZYH5DJZ"
277 http GET https://registry.npmjs.org/gulp-uglify
278 verbose request where is /gulp-sass
279 verbose request registry https://registry.npmjs.org/
280 verbose url raw /gulp-sass
281 verbose url resolving [ 'https://registry.npmjs.org/', './gulp-sass' ]
282 verbose url resolved https://registry.npmjs.org/gulp-sass
283 verbose request where is https://registry.npmjs.org/gulp-sass
284 info trying registry request attempt 1 at 20:49:43
285 verbose etag "145OKJ659Z6K7JNFFMX3N2WA1"
286 http GET https://registry.npmjs.org/gulp-sass
287 verbose request where is /sassdoc
288 verbose request registry https://registry.npmjs.org/
289 verbose url raw /sassdoc
290 verbose url resolving [ 'https://registry.npmjs.org/', './sassdoc' ]
291 verbose url resolved https://registry.npmjs.org/sassdoc
292 verbose request where is https://registry.npmjs.org/sassdoc
293 info trying registry request attempt 1 at 20:49:43
294 verbose etag "9X3DC8MWZS8M0HJO8W87SDDA4"
295 http GET https://registry.npmjs.org/sassdoc
296 http 304 https://registry.npmjs.org/gulp-bower
297 silly registry.get cb [ 304,
297 silly registry.get   { date: 'Tue, 30 Jun 2015 00:49:42 GMT',
297 silly registry.get     via: '1.1 varnish',
297 silly registry.get     'cache-control': 'max-age=60',
297 silly registry.get     etag: '"AYD69ZS2J944Z7CI7CYVYOY4N"',
297 silly registry.get     age: '5',
297 silly registry.get     connection: 'keep-alive',
297 silly registry.get     'x-served-by': 'cache-jfk1020-JFK',
297 silly registry.get     'x-cache': 'HIT',
297 silly registry.get     'x-cache-hits': '1',
297 silly registry.get     'x-timer': 'S1435625382.067608,VS0,VE0',
297 silly registry.get     vary: 'Accept' } ]
298 verbose etag https://registry.npmjs.org/gulp-bower from cache
299 http 200 https://registry.npmjs.org/gulp-autoprefixer
300 silly registry.get cb [ 200,
300 silly registry.get   { server: 'CouchDB/1.5.0 (Erlang OTP/R16B03)',
300 silly registry.get     etag: '"EOVA9OPQBFF6S2UG4CIKQJRDC"',
300 silly registry.get     'content-type': 'application/json',
300 silly registry.get     'cache-control': 'max-age=60',
300 silly registry.get     'content-length': '24608',
300 silly registry.get     'accept-ranges': 'bytes',
300 silly registry.get     date: 'Tue, 30 Jun 2015 00:49:42 GMT',
300 silly registry.get     via: '1.1 varnish',
300 silly registry.get     age: '52',
300 silly registry.get     connection: 'keep-alive',
300 silly registry.get     'x-served-by': 'cache-jfk1030-JFK',
300 silly registry.get     'x-cache': 'HIT',
300 silly registry.get     'x-cache-hits': '2',
300 silly registry.get     'x-timer': 'S1435625382.065318,VS0,VE0',
300 silly registry.get     vary: 'Accept' } ]
301 silly lockFile 59867615-gulp-bower-0-0-10 gulp-bower@0.0.10
302 silly lockFile 59867615-gulp-bower-0-0-10 gulp-bower@0.0.10
303 silly addNameRange number 2 { name: 'gulp-autoprefixer',
303 silly addNameRange   range: '>=2.3.1-0 <3.0.0-0',
303 silly addNameRange   hasData: true }
304 silly addNameRange versions [ 'gulp-autoprefixer',
304 silly addNameRange   [ '0.0.1',
304 silly addNameRange     '0.0.2',
304 silly addNameRange     '0.0.3',
304 silly addNameRange     '0.0.4',
304 silly addNameRange     '0.0.5',
304 silly addNameRange     '0.0.6',
304 silly addNameRange     '0.0.7',
304 silly addNameRange     '0.0.8',
304 silly addNameRange     '0.0.9',
304 silly addNameRange     '0.0.10',
304 silly addNameRange     '1.0.0',
304 silly addNameRange     '1.0.1',
304 silly addNameRange     '2.0.0',
304 silly addNameRange     '2.1.0',
304 silly addNameRange     '2.2.0',
304 silly addNameRange     '2.3.0',
304 silly addNameRange     '2.3.1' ] ]
305 verbose addNamed [ 'gulp-autoprefixer', '2.3.1' ]
306 verbose addNamed [ '2.3.1', '2.3.1' ]
307 silly lockFile 93f1bc49-gulp-autoprefixer-2-3-1 gulp-autoprefixer@2.3.1
308 verbose lock gulp-autoprefixer@2.3.1 /Users/maxwellantonucci/.npm/93f1bc49-gulp-autoprefixer-2-3-1.lock
309 silly lockFile 93f1bc49-gulp-autoprefixer-2-3-1 gulp-autoprefixer@2.3.1
310 silly lockFile 93f1bc49-gulp-autoprefixer-2-3-1 gulp-autoprefixer@2.3.1
311 silly lockFile 75c62153-gulp-autoprefixer-2-3-1 gulp-autoprefixer@^2.3.1
312 silly lockFile 75c62153-gulp-autoprefixer-2-3-1 gulp-autoprefixer@^2.3.1
313 http 304 https://registry.npmjs.org/gulp-jade
314 silly registry.get cb [ 304,
314 silly registry.get   { date: 'Tue, 30 Jun 2015 00:49:42 GMT',
314 silly registry.get     via: '1.1 varnish',
314 silly registry.get     'cache-control': 'max-age=60',
314 silly registry.get     etag: '"AEBHBGPEKNIRVUIIW4F7BD447"',
314 silly registry.get     age: '15',
314 silly registry.get     connection: 'keep-alive',
314 silly registry.get     'x-served-by': 'cache-jfk1030-JFK',
314 silly registry.get     'x-cache': 'HIT',
314 silly registry.get     'x-cache-hits': '1',
314 silly registry.get     'x-timer': 'S1435625382.114968,VS0,VE0',
314 silly registry.get     vary: 'Accept' } ]
315 verbose etag https://registry.npmjs.org/gulp-jade from cache
316 silly addNameRange number 2 { name: 'gulp-jade', range: '>=1.0.1-0 <2.0.0-0', hasData: true }
317 silly addNameRange versions [ 'gulp-jade',
317 silly addNameRange   [ '0.0.1',
317 silly addNameRange     '0.0.2',
317 silly addNameRange     '0.0.3',
317 silly addNameRange     '0.1.0',
317 silly addNameRange     '0.2.0',
317 silly addNameRange     '0.3.0',
317 silly addNameRange     '0.4.0',
317 silly addNameRange     '0.4.1',
317 silly addNameRange     '0.4.2',
317 silly addNameRange     '0.5.0',
317 silly addNameRange     '0.6.0',
317 silly addNameRange     '0.6.1',
317 silly addNameRange     '0.7.0',
317 silly addNameRange     '0.8.0',
317 silly addNameRange     '0.9.0',
317 silly addNameRange     '0.10.0',
317 silly addNameRange     '0.11.0',
317 silly addNameRange     '1.0.0',
317 silly addNameRange     '1.0.1' ] ]
318 verbose addNamed [ 'gulp-jade', '1.0.1' ]
319 verbose addNamed [ '1.0.1', '1.0.1' ]
320 silly lockFile a41a7c03-gulp-jade-1-0-1 gulp-jade@1.0.1
321 verbose lock gulp-jade@1.0.1 /Users/maxwellantonucci/.npm/a41a7c03-gulp-jade-1-0-1.lock
322 silly lockFile a41a7c03-gulp-jade-1-0-1 gulp-jade@1.0.1
323 silly lockFile a41a7c03-gulp-jade-1-0-1 gulp-jade@1.0.1
324 silly lockFile c7a50214-gulp-jade-1-0-1 gulp-jade@^1.0.1
325 silly lockFile c7a50214-gulp-jade-1-0-1 gulp-jade@^1.0.1
326 http 200 https://registry.npmjs.org/gulp-imagemin
327 silly registry.get cb [ 200,
327 silly registry.get   { server: 'CouchDB/1.5.0 (Erlang OTP/R16B03)',
327 silly registry.get     etag: '"3PGXMUKXSYAAZQGFN5PZ6OV2M"',
327 silly registry.get     'content-type': 'application/json',
327 silly registry.get     'cache-control': 'max-age=60',
327 silly registry.get     'content-length': '35047',
327 silly registry.get     'accept-ranges': 'bytes',
327 silly registry.get     date: 'Tue, 30 Jun 2015 00:49:42 GMT',
327 silly registry.get     via: '1.1 varnish',
327 silly registry.get     age: '43',
327 silly registry.get     connection: 'keep-alive',
327 silly registry.get     'x-served-by': 'cache-jfk1026-JFK',
327 silly registry.get     'x-cache': 'HIT',
327 silly registry.get     'x-cache-hits': '1',
327 silly registry.get     'x-timer': 'S1435625382.064814,VS0,VE0',
327 silly registry.get     vary: 'Accept' } ]
328 silly addNameRange number 2 { name: 'gulp-imagemin',
328 silly addNameRange   range: '>=2.2.1-0 <3.0.0-0',
328 silly addNameRange   hasData: true }
329 silly addNameRange versions [ 'gulp-imagemin',
329 silly addNameRange   [ '0.1.0',
329 silly addNameRange     '0.1.1',
329 silly addNameRange     '0.1.2',
329 silly addNameRange     '0.1.3',
329 silly addNameRange     '0.1.4',
329 silly addNameRange     '0.1.5',
329 silly addNameRange     '0.2.0',
329 silly addNameRange     '0.3.0',
329 silly addNameRange     '0.4.0',
329 silly addNameRange     '0.5.0',
329 silly addNameRange     '0.5.1',
329 silly addNameRange     '0.6.0',
329 silly addNameRange     '0.6.1',
329 silly addNameRange     '0.6.2',
329 silly addNameRange     '1.0.0',
329 silly addNameRange     '1.0.1',
329 silly addNameRange     '1.1.0',
329 silly addNameRange     '1.2.1',
329 silly addNameRange     '2.0.0',
329 silly addNameRange     '2.1.0',
329 silly addNameRange     '2.2.0',
329 silly addNameRange     '2.2.1',
329 silly addNameRange     '2.3.0' ] ]
330 verbose addNamed [ 'gulp-imagemin', '2.3.0' ]
331 verbose addNamed [ '2.3.0', '2.3.0' ]
332 silly lockFile ccf97031-gulp-imagemin-2-3-0 gulp-imagemin@2.3.0
333 verbose lock gulp-imagemin@2.3.0 /Users/maxwellantonucci/.npm/ccf97031-gulp-imagemin-2-3-0.lock
334 silly lockFile ccf97031-gulp-imagemin-2-3-0 gulp-imagemin@2.3.0
335 silly lockFile ccf97031-gulp-imagemin-2-3-0 gulp-imagemin@2.3.0
336 silly lockFile 8a3f9a2f-gulp-imagemin-2-2-1 gulp-imagemin@^2.2.1
337 silly lockFile 8a3f9a2f-gulp-imagemin-2-2-1 gulp-imagemin@^2.2.1
338 http 200 https://registry.npmjs.org/gulp-concat
339 silly registry.get cb [ 200,
339 silly registry.get   { server: 'CouchDB/1.5.0 (Erlang OTP/R16B03)',
339 silly registry.get     etag: '"8J9VARD6VMP585SVLU1RLMFCM"',
339 silly registry.get     'content-type': 'application/json',
339 silly registry.get     'cache-control': 'max-age=60',
339 silly registry.get     'content-length': '36668',
339 silly registry.get     'accept-ranges': 'bytes',
339 silly registry.get     date: 'Tue, 30 Jun 2015 00:49:42 GMT',
339 silly registry.get     via: '1.1 varnish',
339 silly registry.get     age: '15',
339 silly registry.get     connection: 'keep-alive',
339 silly registry.get     'x-served-by': 'cache-jfk1033-JFK',
339 silly registry.get     'x-cache': 'HIT',
339 silly registry.get     'x-cache-hits': '1',
339 silly registry.get     'x-timer': 'S1435625382.067690,VS0,VE0',
339 silly registry.get     vary: 'Accept' } ]
340 http 304 https://registry.npmjs.org/gulp-livereload
341 silly registry.get cb [ 304,
341 silly registry.get   { date: 'Tue, 30 Jun 2015 00:49:42 GMT',
341 silly registry.get     via: '1.1 varnish',
341 silly registry.get     'cache-control': 'max-age=60',
341 silly registry.get     etag: '"2YZE246INJW41PY1Q32YYPC9A"',
341 silly registry.get     age: '0',
341 silly registry.get     connection: 'keep-alive',
341 silly registry.get     'x-served-by': 'cache-jfk1020-JFK',
341 silly registry.get     'x-cache': 'HIT',
341 silly registry.get     'x-cache-hits': '1',
341 silly registry.get     'x-timer': 'S1435625382.113260,VS0,VE20',
341 silly registry.get     vary: 'Accept' } ]
342 verbose etag https://registry.npmjs.org/gulp-livereload from cache
343 silly addNameRange number 2 { name: 'gulp-concat',
343 silly addNameRange   range: '>=2.5.2-0 <3.0.0-0',
343 silly addNameRange   hasData: true }
344 silly addNameRange versions [ 'gulp-concat',
344 silly addNameRange   [ '0.0.1',
344 silly addNameRange     '1.0.0',
344 silly addNameRange     '1.1.0',
344 silly addNameRange     '2.0.0',
344 silly addNameRange     '2.1.0',
344 silly addNameRange     '2.1.1',
344 silly addNameRange     '2.1.2',
344 silly addNameRange     '2.1.3',
344 silly addNameRange     '2.1.4',
344 silly addNameRange     '2.1.5',
344 silly addNameRange     '2.1.6',
344 silly addNameRange     '2.1.7',
344 silly addNameRange     '2.2.0',
344 silly addNameRange     '2.3.0',
344 silly addNameRange     '2.3.3',
344 silly addNameRange     '2.3.4',
344 silly addNameRange     '2.3.5',
344 silly addNameRange     '2.4.0',
344 silly addNameRange     '2.4.1',
344 silly addNameRange     '2.4.2',
344 silly addNameRange     '2.4.3',
344 silly addNameRange     '2.5.0',
344 silly addNameRange     '2.5.1',
344 silly addNameRange     '2.5.2',
344 silly addNameRange     '2.6.0' ] ]
345 verbose addNamed [ 'gulp-concat', '2.6.0' ]
346 verbose addNamed [ '2.6.0', '2.6.0' ]
347 silly lockFile 03b8a742-gulp-concat-2-6-0 gulp-concat@2.6.0
348 verbose lock gulp-concat@2.6.0 /Users/maxwellantonucci/.npm/03b8a742-gulp-concat-2-6-0.lock
349 silly addNameRange number 2 { name: 'gulp-livereload',
349 silly addNameRange   range: '>=3.8.0-0 <4.0.0-0',
349 silly addNameRange   hasData: true }
350 silly addNameRange versions [ 'gulp-livereload',
350 silly addNameRange   [ '0.1.1',
350 silly addNameRange     '0.2.0',
350 silly addNameRange     '0.3.0',
350 silly addNameRange     '0.3.1',
350 silly addNameRange     '0.3.2',
350 silly addNameRange     '1.0.0',
350 silly addNameRange     '1.0.1',
350 silly addNameRange     '1.1.0',
350 silly addNameRange     '1.1.1',
350 silly addNameRange     '1.2.0',
350 silly addNameRange     '1.3.1',
350 silly addNameRange     '1.4.1',
350 silly addNameRange     '1.4.2',
350 silly addNameRange     '1.5.0',
350 silly addNameRange     '2.0.0',
350 silly addNameRange     '2.1.0',
350 silly addNameRange     '2.1.1',
350 silly addNameRange     '3.0.0',
350 silly addNameRange     '3.0.1',
350 silly addNameRange     '3.0.2',
350 silly addNameRange     '3.1.0',
350 silly addNameRange     '3.2.0',
350 silly addNameRange     '3.3.0',
350 silly addNameRange     '3.4.0',
350 silly addNameRange     '3.5.0',
350 silly addNameRange     '3.6.0',
350 silly addNameRange     '3.7.0',
350 silly addNameRange     '3.8.0' ] ]
351 verbose addNamed [ 'gulp-livereload', '3.8.0' ]
352 verbose addNamed [ '3.8.0', '3.8.0' ]
353 silly lockFile 0c53bdbd-gulp-livereload-3-8-0 gulp-livereload@3.8.0
354 verbose lock gulp-livereload@3.8.0 /Users/maxwellantonucci/.npm/0c53bdbd-gulp-livereload-3-8-0.lock
355 silly lockFile 03b8a742-gulp-concat-2-6-0 gulp-concat@2.6.0
356 silly lockFile 03b8a742-gulp-concat-2-6-0 gulp-concat@2.6.0
357 silly lockFile 60a235d6-gulp-concat-2-5-2 gulp-concat@^2.5.2
358 silly lockFile 60a235d6-gulp-concat-2-5-2 gulp-concat@^2.5.2
359 silly lockFile 0c53bdbd-gulp-livereload-3-8-0 gulp-livereload@3.8.0
360 silly lockFile 0c53bdbd-gulp-livereload-3-8-0 gulp-livereload@3.8.0
361 silly lockFile c02c4cde-gulp-livereload-3-8-0 gulp-livereload@^3.8.0
362 silly lockFile c02c4cde-gulp-livereload-3-8-0 gulp-livereload@^3.8.0
363 http 200 https://registry.npmjs.org/gulp-rename
364 silly registry.get cb [ 200,
364 silly registry.get   { server: 'CouchDB/1.5.0 (Erlang OTP/R16B03)',
364 silly registry.get     etag: '"84BDA2HG6F93MHDYSEN1YIIWI"',
364 silly registry.get     'content-type': 'application/json',
364 silly registry.get     'cache-control': 'max-age=60',
364 silly registry.get     'content-length': '12287',
364 silly registry.get     'accept-ranges': 'bytes',
364 silly registry.get     date: 'Tue, 30 Jun 2015 00:49:42 GMT',
364 silly registry.get     via: '1.1 varnish',
364 silly registry.get     age: '37',
364 silly registry.get     connection: 'keep-alive',
364 silly registry.get     'x-served-by': 'cache-jfk1020-JFK',
364 silly registry.get     'x-cache': 'HIT',
364 silly registry.get     'x-cache-hits': '1',
364 silly registry.get     'x-timer': 'S1435625382.163300,VS0,VE0',
364 silly registry.get     vary: 'Accept' } ]
365 silly addNameRange number 2 { name: 'gulp-rename',
365 silly addNameRange   range: '>=1.2.2-0 <2.0.0-0',
365 silly addNameRange   hasData: true }
366 silly addNameRange versions [ 'gulp-rename',
366 silly addNameRange   [ '0.1.0', '0.2.1', '0.2.2', '1.0.0', '1.1.0', '1.2.0', '1.2.2' ] ]
367 verbose addNamed [ 'gulp-rename', '1.2.2' ]
368 verbose addNamed [ '1.2.2', '1.2.2' ]
369 silly lockFile 36a270fc-gulp-rename-1-2-2 gulp-rename@1.2.2
370 verbose lock gulp-rename@1.2.2 /Users/maxwellantonucci/.npm/36a270fc-gulp-rename-1-2-2.lock
371 silly lockFile 36a270fc-gulp-rename-1-2-2 gulp-rename@1.2.2
372 silly lockFile 36a270fc-gulp-rename-1-2-2 gulp-rename@1.2.2
373 silly lockFile 1035ba1c-gulp-rename-1-2-2 gulp-rename@^1.2.2
374 silly lockFile 1035ba1c-gulp-rename-1-2-2 gulp-rename@^1.2.2
375 http 200 https://registry.npmjs.org/gulp-plumber
376 silly registry.get cb [ 200,
376 silly registry.get   { server: 'CouchDB/1.5.0 (Erlang OTP/R16B03)',
376 silly registry.get     etag: '"BQPH73MZYGOUHZZARIC7X18F1"',
376 silly registry.get     'content-type': 'application/json',
376 silly registry.get     'cache-control': 'max-age=60',
376 silly registry.get     'content-length': '39674',
376 silly registry.get     'accept-ranges': 'bytes',
376 silly registry.get     date: 'Tue, 30 Jun 2015 00:49:42 GMT',
376 silly registry.get     via: '1.1 varnish',
376 silly registry.get     age: '50',
376 silly registry.get     connection: 'keep-alive',
376 silly registry.get     'x-served-by': 'cache-jfk1026-JFK',
376 silly registry.get     'x-cache': 'HIT',
376 silly registry.get     'x-cache-hits': '1',
376 silly registry.get     'x-timer': 'S1435625382.142218,VS0,VE1',
376 silly registry.get     vary: 'Accept' } ]
377 silly addNameRange number 2 { name: 'gulp-plumber',
377 silly addNameRange   range: '>=1.0.1-0 <2.0.0-0',
377 silly addNameRange   hasData: true }
378 silly addNameRange versions [ 'gulp-plumber',
378 silly addNameRange   [ '0.0.1',
378 silly addNameRange     '0.1.0',
378 silly addNameRange     '0.2.0',
378 silly addNameRange     '0.2.1',
378 silly addNameRange     '0.2.3',
378 silly addNameRange     '0.3.0',
378 silly addNameRange     '0.4.0',
378 silly addNameRange     '0.4.1',
378 silly addNameRange     '0.5.0-rc1',
378 silly addNameRange     '0.5.0',
378 silly addNameRange     '0.5.1',
378 silly addNameRange     '0.5.2',
378 silly addNameRange     '0.5.3',
378 silly addNameRange     '0.5.4',
378 silly addNameRange     '0.5.5',
378 silly addNameRange     '0.5.6',
378 silly addNameRange     '0.6.0',
378 silly addNameRange     '0.6.1',
378 silly addNameRange     '0.6.2',
378 silly addNameRange     '0.6.3',
378 silly addNameRange     '0.6.4',
378 silly addNameRange     '0.6.5',
378 silly addNameRange     '0.6.6',
378 silly addNameRange     '1.0.0',
378 silly addNameRange     '1.0.1' ] ]
379 verbose addNamed [ 'gulp-plumber', '1.0.1' ]
380 verbose addNamed [ '1.0.1', '1.0.1' ]
381 silly lockFile 2f655a33-gulp-plumber-1-0-1 gulp-plumber@1.0.1
382 verbose lock gulp-plumber@1.0.1 /Users/maxwellantonucci/.npm/2f655a33-gulp-plumber-1-0-1.lock
383 silly lockFile 2f655a33-gulp-plumber-1-0-1 gulp-plumber@1.0.1
384 silly lockFile 2f655a33-gulp-plumber-1-0-1 gulp-plumber@1.0.1
385 silly lockFile b676d428-gulp-plumber-1-0-1 gulp-plumber@^1.0.1
386 silly lockFile b676d428-gulp-plumber-1-0-1 gulp-plumber@^1.0.1
387 http 304 https://registry.npmjs.org/gulp-notify
388 silly registry.get cb [ 304,
388 silly registry.get   { date: 'Tue, 30 Jun 2015 00:49:42 GMT',
388 silly registry.get     via: '1.1 varnish',
388 silly registry.get     'cache-control': 'max-age=60',
388 silly registry.get     etag: '"7DT8POU259JBUY8JFX74WB003"',
388 silly registry.get     age: '0',
388 silly registry.get     connection: 'keep-alive',
388 silly registry.get     'x-served-by': 'cache-jfk1030-JFK',
388 silly registry.get     'x-cache': 'HIT',
388 silly registry.get     'x-cache-hits': '1',
388 silly registry.get     'x-timer': 'S1435625382.137079,VS0,VE83',
388 silly registry.get     vary: 'Accept' } ]
389 verbose etag https://registry.npmjs.org/gulp-notify from cache
390 silly addNameRange number 2 { name: 'gulp-notify',
390 silly addNameRange   range: '>=2.2.0-0 <3.0.0-0',
390 silly addNameRange   hasData: true }
391 silly addNameRange versions [ 'gulp-notify',
391 silly addNameRange   [ '0.0.5',
391 silly addNameRange     '0.0.6',
391 silly addNameRange     '0.0.7',
391 silly addNameRange     '0.0.8',
391 silly addNameRange     '0.1.0',
391 silly addNameRange     '0.2.0',
391 silly addNameRange     '0.3.0',
391 silly addNameRange     '0.3.2',
391 silly addNameRange     '0.3.3',
391 silly addNameRange     '0.3.4',
391 silly addNameRange     '0.3.4-1',
391 silly addNameRange     '0.3.4-2',
391 silly addNameRange     '0.3.5-0',
391 silly addNameRange     '0.4.0',
391 silly addNameRange     '0.4.1',
391 silly addNameRange     '0.4.2',
391 silly addNameRange     '0.4.3',
391 silly addNameRange     '0.4.5',
391 silly addNameRange     '0.4.6',
391 silly addNameRange     '0.5.0',
391 silly addNameRange     '0.5.1',
391 silly addNameRange     '0.6.0',
391 silly addNameRange     '0.6.1',
391 silly addNameRange     '0.6.2',
391 silly addNameRange     '1.0.0-beta',
391 silly addNameRange     '1.1.0',
391 silly addNameRange     '1.1.1',
391 silly addNameRange     '1.2.0',
391 silly addNameRange     '1.2.1',
391 silly addNameRange     '1.2.2',
391 silly addNameRange     '1.2.4',
391 silly addNameRange     '1.2.5',
391 silly addNameRange     '1.2.6',
391 silly addNameRange     '1.3.0',
391 silly addNameRange     '1.3.1',
391 silly addNameRange     '1.4.0',
391 silly addNameRange     '1.4.1',
391 silly addNameRange     '1.4.2',
391 silly addNameRange     '1.5.0',
391 silly addNameRange     '1.5.1',
391 silly addNameRange     '1.6.0',
391 silly addNameRange     '1.7.0',
391 silly addNameRange     '1.7.1',
391 silly addNameRange     '1.8.0',
391 silly addNameRange     '2.0.0',
391 silly addNameRange     '2.0.1',
391 silly addNameRange     '2.1.0',
391 silly addNameRange     '2.2.0' ] ]
392 verbose addNamed [ 'gulp-notify', '2.2.0' ]
393 verbose addNamed [ '2.2.0', '2.2.0' ]
394 silly lockFile 7dcdb195-gulp-notify-2-2-0 gulp-notify@2.2.0
395 verbose lock gulp-notify@2.2.0 /Users/maxwellantonucci/.npm/7dcdb195-gulp-notify-2-2-0.lock
396 silly lockFile 7dcdb195-gulp-notify-2-2-0 gulp-notify@2.2.0
397 silly lockFile 7dcdb195-gulp-notify-2-2-0 gulp-notify@2.2.0
398 silly lockFile a8c5b448-gulp-notify-2-2-0 gulp-notify@^2.2.0
399 silly lockFile a8c5b448-gulp-notify-2-2-0 gulp-notify@^2.2.0
400 http 200 https://registry.npmjs.org/gulp
401 silly registry.get cb [ 200,
401 silly registry.get   { server: 'CouchDB/1.5.0 (Erlang OTP/R16B03)',
401 silly registry.get     etag: '"4PI04X6ETYW6BCM5DXY15MQ5X"',
401 silly registry.get     'content-type': 'application/json',
401 silly registry.get     'cache-control': 'max-age=60',
401 silly registry.get     'content-length': '104462',
401 silly registry.get     'accept-ranges': 'bytes',
401 silly registry.get     date: 'Tue, 30 Jun 2015 00:49:42 GMT',
401 silly registry.get     via: '1.1 varnish',
401 silly registry.get     age: '15',
401 silly registry.get     connection: 'keep-alive',
401 silly registry.get     'x-served-by': 'cache-jfk1034-JFK',
401 silly registry.get     'x-cache': 'HIT',
401 silly registry.get     'x-cache-hits': '1',
401 silly registry.get     'x-timer': 'S1435625382.074801,VS0,VE0',
401 silly registry.get     vary: 'Accept' } ]
402 silly addNameRange number 2 { name: 'gulp', range: '>=3.9.0-0 <4.0.0-0', hasData: true }
403 silly addNameRange versions [ 'gulp',
403 silly addNameRange   [ '0.0.1',
403 silly addNameRange     '0.0.2',
403 silly addNameRange     '0.0.3',
403 silly addNameRange     '0.0.4',
403 silly addNameRange     '0.0.5',
403 silly addNameRange     '0.0.7',
403 silly addNameRange     '0.0.8',
403 silly addNameRange     '0.0.9',
403 silly addNameRange     '0.1.0',
403 silly addNameRange     '0.2.0',
403 silly addNameRange     '1.0.0',
403 silly addNameRange     '1.1.0',
403 silly addNameRange     '1.2.0',
403 silly addNameRange     '1.2.1',
403 silly addNameRange     '2.0.0',
403 silly addNameRange     '2.0.1',
403 silly addNameRange     '2.1.0',
403 silly addNameRange     '2.2.0',
403 silly addNameRange     '2.3.0',
403 silly addNameRange     '2.4.0',
403 silly addNameRange     '2.4.1',
403 silly addNameRange     '2.6.0',
403 silly addNameRange     '2.6.1',
403 silly addNameRange     '2.7.0',
403 silly addNameRange     '3.0.0',
403 silly addNameRange     '3.1.1',
403 silly addNameRange     '3.1.2',
403 silly addNameRange     '3.1.3',
403 silly addNameRange     '3.1.4',
403 silly addNameRange     '3.2.0',
403 silly addNameRange     '3.2.1',
403 silly addNameRange     '3.2.2',
403 silly addNameRange     '3.2.3',
403 silly addNameRange     '3.2.4',
403 silly addNameRange     '3.2.5',
403 silly addNameRange     '3.3.0',
403 silly addNameRange     '3.3.1',
403 silly addNameRange     '3.3.2',
403 silly addNameRange     '3.3.4',
403 silly addNameRange     '3.4.0',
403 silly addNameRange     '3.5.0',
403 silly addNameRange     '3.5.1',
403 silly addNameRange     '3.5.2',
403 silly addNameRange     '3.5.5',
403 silly addNameRange     '3.5.6',
403 silly addNameRange     '3.6.0',
403 silly addNameRange     '3.6.1',
403 silly addNameRange     '3.6.2',
403 silly addNameRange     '3.7.0',
403 silly addNameRange     '3.8.0',
403 silly addNameRange     '3.8.1',
403 silly addNameRange     '3.8.2',
403 silly addNameRange     '3.8.3',
403 silly addNameRange     '3.8.4',
403 silly addNameRange     '3.8.5',
403 silly addNameRange     '3.8.6',
403 silly addNameRange     '3.8.7',
403 silly addNameRange     '3.8.8',
403 silly addNameRange     '3.8.9',
403 silly addNameRange     '3.8.10',
403 silly addNameRange     '3.8.11',
403 silly addNameRange     '3.9.0' ] ]
404 verbose addNamed [ 'gulp', '3.9.0' ]
405 verbose addNamed [ '3.9.0', '3.9.0' ]
406 silly lockFile c2697a61-gulp-3-9-0 gulp@3.9.0
407 verbose lock gulp@3.9.0 /Users/maxwellantonucci/.npm/c2697a61-gulp-3-9-0.lock
408 silly lockFile c2697a61-gulp-3-9-0 gulp@3.9.0
409 silly lockFile c2697a61-gulp-3-9-0 gulp@3.9.0
410 silly lockFile a7ccee77-gulp-3-9-0 gulp@^3.9.0
411 silly lockFile a7ccee77-gulp-3-9-0 gulp@^3.9.0
412 http 200 https://registry.npmjs.org/gulp-uglify
413 silly registry.get cb [ 200,
413 silly registry.get   { server: 'CouchDB/1.5.0 (Erlang OTP/R16B03)',
413 silly registry.get     etag: '"A2MT11M1KDYFXBW7BEK0C3411"',
413 silly registry.get     'content-type': 'application/json',
413 silly registry.get     'cache-control': 'max-age=60',
413 silly registry.get     'content-length': '26105',
413 silly registry.get     'accept-ranges': 'bytes',
413 silly registry.get     date: 'Tue, 30 Jun 2015 00:49:42 GMT',
413 silly registry.get     via: '1.1 varnish',
413 silly registry.get     age: '15',
413 silly registry.get     connection: 'keep-alive',
413 silly registry.get     'x-served-by': 'cache-jfk1026-JFK',
413 silly registry.get     'x-cache': 'HIT',
413 silly registry.get     'x-cache-hits': '10',
413 silly registry.get     'x-timer': 'S1435625382.233806,VS0,VE0',
413 silly registry.get     vary: 'Accept' } ]
414 silly addNameRange number 2 { name: 'gulp-uglify',
414 silly addNameRange   range: '>=1.2.0-0 <2.0.0-0',
414 silly addNameRange   hasData: true }
415 silly addNameRange versions [ 'gulp-uglify',
415 silly addNameRange   [ '0.0.1',
415 silly addNameRange     '0.0.3',
415 silly addNameRange     '0.0.4',
415 silly addNameRange     '0.1.0',
415 silly addNameRange     '0.2.0',
415 silly addNameRange     '0.2.1',
415 silly addNameRange     '0.3.0',
415 silly addNameRange     '0.3.1',
415 silly addNameRange     '0.3.2',
415 silly addNameRange     '1.0.0-0',
415 silly addNameRange     '1.0.0',
415 silly addNameRange     '1.0.1',
415 silly addNameRange     '1.0.2',
415 silly addNameRange     '1.1.0',
415 silly addNameRange     '1.2.0' ] ]
416 verbose addNamed [ 'gulp-uglify', '1.2.0' ]
417 verbose addNamed [ '1.2.0', '1.2.0' ]
418 silly lockFile 9d272576-gulp-uglify-1-2-0 gulp-uglify@1.2.0
419 verbose lock gulp-uglify@1.2.0 /Users/maxwellantonucci/.npm/9d272576-gulp-uglify-1-2-0.lock
420 silly lockFile 9d272576-gulp-uglify-1-2-0 gulp-uglify@1.2.0
421 silly lockFile 9d272576-gulp-uglify-1-2-0 gulp-uglify@1.2.0
422 silly lockFile c20ad875-gulp-uglify-1-2-0 gulp-uglify@^1.2.0
423 silly lockFile c20ad875-gulp-uglify-1-2-0 gulp-uglify@^1.2.0
424 http 200 https://registry.npmjs.org/gulp-sass
425 silly registry.get cb [ 200,
425 silly registry.get   { server: 'CouchDB/1.5.0 (Erlang OTP/R16B03)',
425 silly registry.get     etag: '"77G506GFIK3SIAGU3L562472Y"',
425 silly registry.get     'content-type': 'application/json',
425 silly registry.get     'cache-control': 'max-age=60',
425 silly registry.get     'content-length': '37623',
425 silly registry.get     'accept-ranges': 'bytes',
425 silly registry.get     date: 'Tue, 30 Jun 2015 00:49:42 GMT',
425 silly registry.get     via: '1.1 varnish',
425 silly registry.get     age: '33',
425 silly registry.get     connection: 'keep-alive',
425 silly registry.get     'x-served-by': 'cache-jfk1030-JFK',
425 silly registry.get     'x-cache': 'HIT',
425 silly registry.get     'x-cache-hits': '1',
425 silly registry.get     'x-timer': 'S1435625382.240962,VS0,VE0',
425 silly registry.get     vary: 'Accept' } ]
426 http 200 https://registry.npmjs.org/gulp-minify-css
427 silly registry.get cb [ 200,
427 silly registry.get   { server: 'CouchDB/1.5.0 (Erlang OTP/R16B03)',
427 silly registry.get     etag: '"8R812DME3BEW6CCHU2NOT6K5S"',
427 silly registry.get     'content-type': 'application/json',
427 silly registry.get     'cache-control': 'max-age=60',
427 silly registry.get     'content-length': '58639',
427 silly registry.get     'accept-ranges': 'bytes',
427 silly registry.get     date: 'Tue, 30 Jun 2015 00:49:42 GMT',
427 silly registry.get     via: '1.1 varnish',
427 silly registry.get     age: '0',
427 silly registry.get     connection: 'keep-alive',
427 silly registry.get     'x-served-by': 'cache-jfk1033-JFK',
427 silly registry.get     'x-cache': 'HIT',
427 silly registry.get     'x-cache-hits': '1',
427 silly registry.get     'x-timer': 'S1435625382.159711,VS0,VE20',
427 silly registry.get     vary: 'Accept' } ]
428 silly addNameRange number 2 { name: 'gulp-sass', range: '>=2.0.1-0 <3.0.0-0', hasData: true }
429 silly addNameRange versions [ 'gulp-sass',
429 silly addNameRange   [ '0.1.0',
429 silly addNameRange     '0.2.1',
429 silly addNameRange     '0.2.2',
429 silly addNameRange     '0.2.3',
429 silly addNameRange     '0.3.0',
429 silly addNameRange     '0.4.0',
429 silly addNameRange     '0.4.1',
429 silly addNameRange     '0.5.0',
429 silly addNameRange     '0.5.1',
429 silly addNameRange     '0.5.2',
429 silly addNameRange     '0.6.0',
429 silly addNameRange     '0.7.0',
429 silly addNameRange     '0.7.1',
429 silly addNameRange     '0.7.2',
429 silly addNameRange     '0.7.3',
429 silly addNameRange     '1.0.0',
429 silly addNameRange     '1.1.0',
429 silly addNameRange     '1.2.0',
429 silly addNameRange     '1.2.1',
429 silly addNameRange     '1.2.2',
429 silly addNameRange     '1.2.3',
429 silly addNameRange     '1.2.4',
429 silly addNameRange     '1.3.0',
429 silly addNameRange     '1.3.1',
429 silly addNameRange     '1.3.2',
429 silly addNameRange     '1.3.3',
429 silly addNameRange     '2.0.0-alpha.1',
429 silly addNameRange     '2.0.0',
429 silly addNameRange     '2.0.2',
429 silly addNameRange     '2.0.3' ] ]
430 verbose addNamed [ 'gulp-sass', '2.0.3' ]
431 verbose addNamed [ '2.0.3', '2.0.3' ]
432 silly lockFile ed871394-gulp-sass-2-0-3 gulp-sass@2.0.3
433 verbose lock gulp-sass@2.0.3 /Users/maxwellantonucci/.npm/ed871394-gulp-sass-2-0-3.lock
434 silly lockFile 91cfe637-rg-gulp-sass-gulp-sass-2-0-3-tgz https://registry.npmjs.org/gulp-sass/-/gulp-sass-2.0.3.tgz
435 verbose lock https://registry.npmjs.org/gulp-sass/-/gulp-sass-2.0.3.tgz /Users/maxwellantonucci/.npm/91cfe637-rg-gulp-sass-gulp-sass-2-0-3-tgz.lock
436 silly addNameRange number 2 { name: 'gulp-minify-css',
436 silly addNameRange   range: '>=1.1.6-0 <2.0.0-0',
436 silly addNameRange   hasData: true }
437 silly addNameRange versions [ 'gulp-minify-css',
437 silly addNameRange   [ '0.0.1',
437 silly addNameRange     '0.1.0',
437 silly addNameRange     '0.2.0',
437 silly addNameRange     '0.3.0',
437 silly addNameRange     '0.3.1',
437 silly addNameRange     '0.3.2',
437 silly addNameRange     '0.3.3',
437 silly addNameRange     '0.3.4',
437 silly addNameRange     '0.3.5',
437 silly addNameRange     '0.3.6',
437 silly addNameRange     '0.3.7',
437 silly addNameRange     '0.3.8',
437 silly addNameRange     '0.3.9',
437 silly addNameRange     '0.3.10',
437 silly addNameRange     '0.3.11',
437 silly addNameRange     '0.3.12',
437 silly addNameRange     '0.3.13',
437 silly addNameRange     '0.4.0',
437 silly addNameRange     '0.4.1',
437 silly addNameRange     '0.4.2',
437 silly addNameRange     '0.4.3',
437 silly addNameRange     '0.4.4',
437 silly addNameRange     '0.4.5',
437 silly addNameRange     '0.4.6',
437 silly addNameRange     '0.5.0',
437 silly addNameRange     '0.5.1',
437 silly addNameRange     '1.0.0',
437 silly addNameRange     '1.1.0',
437 silly addNameRange     '1.1.1',
437 silly addNameRange     '1.1.2',
437 silly addNameRange     '1.1.2-1',
437 silly addNameRange     '1.1.3',
437 silly addNameRange     '1.1.4',
437 silly addNameRange     '1.1.5',
437 silly addNameRange     '1.1.6',
437 silly addNameRange     '1.2.0' ] ]
438 verbose addNamed [ 'gulp-minify-css', '1.2.0' ]
439 verbose addNamed [ '1.2.0', '1.2.0' ]
440 silly lockFile d5855f60-gulp-minify-css-1-2-0 gulp-minify-css@1.2.0
441 verbose lock gulp-minify-css@1.2.0 /Users/maxwellantonucci/.npm/d5855f60-gulp-minify-css-1-2-0.lock
442 verbose addRemoteTarball [ 'https://registry.npmjs.org/gulp-sass/-/gulp-sass-2.0.3.tgz',
442 verbose addRemoteTarball   '31c5631b0062876301bc99796cd38935aecd12bf' ]
443 silly lockFile bdbf9996-fy-css-gulp-minify-css-1-2-0-tgz https://registry.npmjs.org/gulp-minify-css/-/gulp-minify-css-1.2.0.tgz
444 verbose lock https://registry.npmjs.org/gulp-minify-css/-/gulp-minify-css-1.2.0.tgz /Users/maxwellantonucci/.npm/bdbf9996-fy-css-gulp-minify-css-1-2-0-tgz.lock
445 http 200 https://registry.npmjs.org/gulp-sourcemaps
446 silly registry.get cb [ 200,
446 silly registry.get   { server: 'CouchDB/1.5.0 (Erlang OTP/R16B03)',
446 silly registry.get     etag: '"BN3VIHUWMNGGYMZM39UH41NP6"',
446 silly registry.get     'content-type': 'application/json',
446 silly registry.get     'cache-control': 'max-age=60',
446 silly registry.get     'content-length': '55405',
446 silly registry.get     'accept-ranges': 'bytes',
446 silly registry.get     date: 'Tue, 30 Jun 2015 00:49:42 GMT',
446 silly registry.get     via: '1.1 varnish',
446 silly registry.get     age: '33',
446 silly registry.get     connection: 'keep-alive',
446 silly registry.get     'x-served-by': 'cache-jfk1020-JFK',
446 silly registry.get     'x-cache': 'HIT',
446 silly registry.get     'x-cache-hits': '1',
446 silly registry.get     'x-timer': 'S1435625382.221521,VS0,VE0',
446 silly registry.get     vary: 'Accept' } ]
447 verbose addRemoteTarball [ 'https://registry.npmjs.org/gulp-minify-css/-/gulp-minify-css-1.2.0.tgz',
447 verbose addRemoteTarball   '7855fb653ce5c848dadec07c62bcdc06d92efcc7' ]
448 info retry fetch attempt 1 at 20:49:43
449 verbose fetch to= /var/folders/9m/6zl0t1mn3kj7r92zb7m73l6w0000gn/T/npm-3754-DGlU04zr/registry.npmjs.org/gulp-minify-css/-/gulp-minify-css-1.2.0.tgz
450 info retry fetch attempt 1 at 20:49:43
451 verbose fetch to= /var/folders/9m/6zl0t1mn3kj7r92zb7m73l6w0000gn/T/npm-3754-DGlU04zr/registry.npmjs.org/gulp-sass/-/gulp-sass-2.0.3.tgz
452 http GET https://registry.npmjs.org/gulp-minify-css/-/gulp-minify-css-1.2.0.tgz
453 http GET https://registry.npmjs.org/gulp-sass/-/gulp-sass-2.0.3.tgz
454 silly addNameRange number 2 { name: 'gulp-sourcemaps',
454 silly addNameRange   range: '>=1.5.2-0 <2.0.0-0',
454 silly addNameRange   hasData: true }
455 silly addNameRange versions [ 'gulp-sourcemaps',
455 silly addNameRange   [ '0.2.0',
455 silly addNameRange     '0.2.1',
455 silly addNameRange     '0.3.0',
455 silly addNameRange     '0.3.1',
455 silly addNameRange     '0.4.0',
455 silly addNameRange     '0.4.1',
455 silly addNameRange     '0.4.2',
455 silly addNameRange     '0.4.3',
455 silly addNameRange     '0.4.4',
455 silly addNameRange     '0.4.5',
455 silly addNameRange     '0.4.6',
455 silly addNameRange     '1.0.0',
455 silly addNameRange     '1.1.0',
455 silly addNameRange     '1.1.1',
455 silly addNameRange     '1.1.2',
455 silly addNameRange     '1.1.3',
455 silly addNameRange     '1.1.4',
455 silly addNameRange     '1.1.5',
455 silly addNameRange     '1.2.0',
455 silly addNameRange     '1.2.1',
455 silly addNameRange     '1.2.2',
455 silly addNameRange     '1.2.3',
455 silly addNameRange     '1.2.4',
455 silly addNameRange     '1.2.5',
455 silly addNameRange     '1.2.6',
455 silly addNameRange     '1.2.7',
455 silly addNameRange     '1.2.8',
455 silly addNameRange     '1.3.0',
455 silly addNameRange     '1.4.0',
455 silly addNameRange     '1.5.0',
455 silly addNameRange     '1.5.1',
455 silly addNameRange     '1.5.2' ] ]
456 verbose addNamed [ 'gulp-sourcemaps', '1.5.2' ]
457 verbose addNamed [ '1.5.2', '1.5.2' ]
458 silly lockFile b250b45d-gulp-sourcemaps-1-5-2 gulp-sourcemaps@1.5.2
459 verbose lock gulp-sourcemaps@1.5.2 /Users/maxwellantonucci/.npm/b250b45d-gulp-sourcemaps-1-5-2.lock
460 silly lockFile b250b45d-gulp-sourcemaps-1-5-2 gulp-sourcemaps@1.5.2
461 silly lockFile b250b45d-gulp-sourcemaps-1-5-2 gulp-sourcemaps@1.5.2
462 silly lockFile 469070bd-gulp-sourcemaps-1-5-2 gulp-sourcemaps@^1.5.2
463 silly lockFile 469070bd-gulp-sourcemaps-1-5-2 gulp-sourcemaps@^1.5.2
464 http 200 https://registry.npmjs.org/gulp-minify-css/-/gulp-minify-css-1.2.0.tgz
465 silly lockFile bdbf9996-fy-css-gulp-minify-css-1-2-0-tgz https://registry.npmjs.org/gulp-minify-css/-/gulp-minify-css-1.2.0.tgz
466 silly lockFile bdbf9996-fy-css-gulp-minify-css-1-2-0-tgz https://registry.npmjs.org/gulp-minify-css/-/gulp-minify-css-1.2.0.tgz
467 silly lockFile d5855f60-gulp-minify-css-1-2-0 gulp-minify-css@1.2.0
468 silly lockFile d5855f60-gulp-minify-css-1-2-0 gulp-minify-css@1.2.0
469 silly lockFile b5c08188-gulp-minify-css-1-1-6 gulp-minify-css@^1.1.6
470 silly lockFile b5c08188-gulp-minify-css-1-1-6 gulp-minify-css@^1.1.6
471 http 200 https://registry.npmjs.org/gulp-sass/-/gulp-sass-2.0.3.tgz
472 silly lockFile 91cfe637-rg-gulp-sass-gulp-sass-2-0-3-tgz https://registry.npmjs.org/gulp-sass/-/gulp-sass-2.0.3.tgz
473 silly lockFile 91cfe637-rg-gulp-sass-gulp-sass-2-0-3-tgz https://registry.npmjs.org/gulp-sass/-/gulp-sass-2.0.3.tgz
474 silly lockFile ed871394-gulp-sass-2-0-3 gulp-sass@2.0.3
475 silly lockFile ed871394-gulp-sass-2-0-3 gulp-sass@2.0.3
476 silly lockFile fca228e3-gulp-sass-2-0-1 gulp-sass@^2.0.1
477 silly lockFile fca228e3-gulp-sass-2-0-1 gulp-sass@^2.0.1
478 http 304 https://registry.npmjs.org/sassdoc
479 silly registry.get cb [ 304,
479 silly registry.get   { date: 'Tue, 30 Jun 2015 00:49:42 GMT',
479 silly registry.get     via: '1.1 varnish',
479 silly registry.get     'cache-control': 'max-age=60',
479 silly registry.get     etag: '"9X3DC8MWZS8M0HJO8W87SDDA4"',
479 silly registry.get     age: '0',
479 silly registry.get     connection: 'keep-alive',
479 silly registry.get     'x-served-by': 'cache-jfk1034-JFK',
479 silly registry.get     'x-cache': 'MISS',
479 silly registry.get     'x-cache-hits': '0',
479 silly registry.get     'x-timer': 'S1435625382.294845,VS0,VE517',
479 silly registry.get     vary: 'Accept' } ]
480 verbose etag https://registry.npmjs.org/sassdoc from cache
481 silly addNameRange number 2 { name: 'sassdoc', range: '>=2.1.15-0 <3.0.0-0', hasData: true }
482 silly addNameRange versions [ 'sassdoc',
482 silly addNameRange   [ '0.1.0',
482 silly addNameRange     '0.2.0',
482 silly addNameRange     '0.2.1',
482 silly addNameRange     '0.3.0',
482 silly addNameRange     '0.3.1',
482 silly addNameRange     '0.3.2',
482 silly addNameRange     '0.3.3',
482 silly addNameRange     '0.3.4',
482 silly addNameRange     '0.3.5',
482 silly addNameRange     '0.3.6',
482 silly addNameRange     '0.3.7',
482 silly addNameRange     '0.3.8',
482 silly addNameRange     '0.3.9',
482 silly addNameRange     '0.4.0',
482 silly addNameRange     '0.4.1',
482 silly addNameRange     '1.0.0',
482 silly addNameRange     '1.0.0-rc.1',
482 silly addNameRange     '1.0.0-rc.2',
482 silly addNameRange     '1.0.0-rc.3',
482 silly addNameRange     '1.0.0-rc.4',
482 silly addNameRange     '1.0.0-rc.5',
482 silly addNameRange     '1.0.0-rc.6',
482 silly addNameRange     '1.0.0-rc.7',
482 silly addNameRange     '1.0.0-rc.8',
482 silly addNameRange     '1.0.0-rc.9',
482 silly addNameRange     '1.0.0-rc.10',
482 silly addNameRange     '1.0.0-rc.11',
482 silly addNameRange     '1.0.0-rc.12',
482 silly addNameRange     '1.0.0-rc.13',
482 silly addNameRange     '1.0.0-rc.14',
482 silly addNameRange     '1.0.0-rc.15',
482 silly addNameRange     '1.0.0-rc.16',
482 silly addNameRange     '1.0.0-rc.17',
482 silly addNameRange     '1.0.0-rc.18',
482 silly addNameRange     '1.0.0-rc.19',
482 silly addNameRange     '1.0.1',
482 silly addNameRange     '1.0.2',
482 silly addNameRange     '1.1.0',
482 silly addNameRange     '1.1.1',
482 silly addNameRange     '1.1.2',
482 silly addNameRange     '1.1.3',
482 silly addNameRange     '1.1.4',
482 silly addNameRange     '1.1.5',
482 silly addNameRange     '1.1.6',
482 silly addNameRange     '1.2.0-rc.1',
482 silly addNameRange     '1.2.0',
482 silly addNameRange     '1.3.0',
482 silly addNameRange     '1.3.1',
482 silly addNameRange     '1.3.2',
482 silly addNameRange     '1.4.0-rc.1',
482 silly addNameRange     '1.4.0-rc.2',
482 silly addNameRange     '1.4.0-rc.3',
482 silly addNameRange     '1.4.0',
482 silly addNameRange     '1.4.1',
482 silly addNameRange     '1.5.0-rc.1',
482 silly addNameRange     '1.5.0',
482 silly addNameRange     '1.5.1',
482 silly addNameRange     '1.5.2',
482 silly addNameRange     '1.6.0',
482 silly addNameRange     '1.6.1',
482 silly addNameRange     '1.7.0',
482 silly addNameRange     '1.8.0',
482 silly addNameRange     '1.9.0',
482 silly addNameRange     '1.10.0',
482 silly addNameRange     '1.10.1',
482 silly addNameRange     '1.10.2',
482 silly addNameRange     '1.10.3',
482 silly addNameRange     '2.0.0-rc.3',
482 silly addNameRange     '2.0.0-rc.4',
482 silly addNameRange     '2.0.0-rc.5',
482 silly addNameRange     '2.0.0-rc.6',
482 silly addNameRange     '1.10.5',
482 silly addNameRange     '1.10.6',
482 silly addNameRange     '2.0.0-rc.22',
482 silly addNameRange     '2.0.0',
482 silly addNameRange     '2.0.1',
482 silly addNameRange     '2.0.2',
482 silly addNameRange     '2.0.3',
482 silly addNameRange     '2.0.4',
482 silly addNameRange     '2.0.5',
482 silly addNameRange     '2.0.6',
482 silly addNameRange     '2.0.7',
482 silly addNameRange     '2.0.8',
482 silly addNameRange     '2.0.9',
482 silly addNameRange     '2.1.0',
482 silly addNameRange     '2.1.1',
482 silly addNameRange     '2.1.2',
482 silly addNameRange     '2.1.3',
482 silly addNameRange     '2.1.4',
482 silly addNameRange     '2.1.5',
482 silly addNameRange     '2.1.6',
482 silly addNameRange     '2.1.7',
482 silly addNameRange     '2.1.8',
482 silly addNameRange     '2.1.9',
482 silly addNameRange     '2.1.11',
482 silly addNameRange     '2.1.12',
482 silly addNameRange     '2.1.13',
482 silly addNameRange     '2.1.14',
482 silly addNameRange     '2.1.15' ] ]
483 verbose addNamed [ 'sassdoc', '2.1.15' ]
484 verbose addNamed [ '2.1.15', '2.1.15' ]
485 silly lockFile a2ef9182-sassdoc-2-1-15 sassdoc@2.1.15
486 verbose lock sassdoc@2.1.15 /Users/maxwellantonucci/.npm/a2ef9182-sassdoc-2-1-15.lock
487 silly lockFile a2ef9182-sassdoc-2-1-15 sassdoc@2.1.15
488 silly lockFile a2ef9182-sassdoc-2-1-15 sassdoc@2.1.15
489 silly lockFile 9e9db368-sassdoc-2-1-15 sassdoc@^2.1.15
490 silly lockFile 9e9db368-sassdoc-2-1-15 sassdoc@^2.1.15
491 error Error: EACCES, mkdir '/Users/maxwellantonucci/.npm/gulp-minify-css/1.2.0'
491 error  { [Error: EACCES, mkdir '/Users/maxwellantonucci/.npm/gulp-minify-css/1.2.0']
491 error   errno: 3,
491 error   code: 'EACCES',
491 error   path: '/Users/maxwellantonucci/.npm/gulp-minify-css/1.2.0' }
492 error Please try running this command again as root/Administrator.
493 error System Darwin 14.1.0
494 error command "node" "/usr/local/bin/npm" "install"
495 error cwd /Users/maxwellantonucci/Desktop/BP Files/Bower_Boilerplate
496 error node -v v0.10.36
497 error npm -v 1.4.28
498 error path /Users/maxwellantonucci/.npm/gulp-minify-css/1.2.0
499 error code EACCES
500 error errno 3
501 error stack Error: EACCES, mkdir '/Users/maxwellantonucci/.npm/gulp-minify-css/1.2.0'
502 verbose exit [ 3, true ]
